<?xml version="1.0" encoding="UTF-8"?>
<testsuite xmlns:xsi="http://www.w3.org/2001/XMLSchema-instance" xsi:noNamespaceSchemaLocation="https://maven.apache.org/surefire/maven-surefire-plugin/xsd/surefire-test-report-3.0.xsd" version="3.0" name="runner.TestRunner" time="14.275" tests="10" errors="0" skipped="0" failures="0">
  <properties>
[...]
</properties>
  <testcase name="Validar serviço de cartas do HearthStone utilizando dados inválidos" classname="Validar dados de serviço HearthStone com dados inválidos" time="3.838"/>
  <testcase name="Validar serviço de cartas do HearthStone utilizando dados inválidos" classname="Validar dados de serviço HearthStone com dados inválidos" time="1.109"/>
  <testcase name="Validar serviço de cartas do HearthStone utilizando dados inválidos" classname="Validar dados de serviço HearthStone com dados inválidos" time="1.091"/>
  <testcase name="Validar serviço de cartas do HearthStone utilizando dados inválidos" classname="Validar dados de serviço HearthStone com dados inválidos" time="1.386"/>
  <testcase name="Validar serviço de cartas do HearthStone utilizando dados válidos" classname="Validar dados de serviço HearthStone" time="1.015"/>
  <testcase name="Validar serviço de cartas do HearthStone utilizando dados válidos" classname="Validar dados de serviço HearthStone" time="1.043"/>
  <testcase name="Validar serviço de cartas do HearthStone utilizando dados válidos" classname="Validar dados de serviço HearthStone" time="1.046"/>
  <testcase name="Validar serviço de cartas do HearthStone utilizando dados válidos" classname="Validar dados de serviço HearthStone" time="1.024"/>
  <testcase name="Validar serviço de cartas do HearthStone utilizando dados válidos" classname="Validar dados de serviço HearthStone" time="1.04"/>
  <testcase name="Validar serviço de cartas do HearthStone utilizando dados válidos" classname="Validar dados de serviço HearthStone" time="1.113"/>
</testsuite>